#
# A fatal error has been detected by the Java Runtime Environment:
#
#  Internal Error (classFileParser.cpp:3494), pid=10160, tid=4928
#  Error: ShouldNotReachHere()
#
# JRE version: 6.0_45-b06
# Java VM: Java HotSpot(TM) 64-Bit Server VM (20.45-b01 mixed mode windows-amd64 compressed oops)
# If you would like to submit a bug report, please visit:
#   http://java.sun.com/webapps/bugreport/crash.jsp
#

---------------  T H R E A D  ---------------

Current thread (0x000000000099c800):  JavaThread "Unknown thread" [_thread_in_vm, id=4928, stack(0x0000000000890000,0x0000000000990000)]

Stack: [0x0000000000890000,0x0000000000990000]
[error occurred during error reporting (printing stack bounds), id 0xc0000005]


---------------  P R O C E S S  ---------------

Java Threads: ( => current thread )

Other Threads:

=>0x000000000099c800 (exited) JavaThread "Unknown thread" [_thread_in_vm, id=4928, stack(0x0000000000890000,0x0000000000990000)]

VM state:not at safepoint (not fully initialized)

VM Mutex/Monitor currently owned by a thread: None

Dynamic libraries:
0x0000000000400000 - 0x000000000042f000 	C:\Program Files\Java\jre6\bin\javaw.exe
0x00007ffc6e3c0000 - 0x00007ffc6e591000 	C:\WINDOWS\SYSTEM32\ntdll.dll
0x00007ffc6c690000 - 0x00007ffc6c73b000 	C:\WINDOWS\System32\KERNEL32.DLL
0x00007ffc6ae90000 - 0x00007ffc6b0ad000 	C:\WINDOWS\System32\KERNELBASE.dll
0x00007ffc6ba00000 - 0x00007ffc6baa2000 	C:\WINDOWS\System32\ADVAPI32.dll
0x00007ffc6e110000 - 0x00007ffc6e1ae000 	C:\WINDOWS\System32\msvcrt.dll
0x00007ffc6e260000 - 0x00007ffc6e2b9000 	C:\WINDOWS\System32\sechost.dll
0x00007ffc6c560000 - 0x00007ffc6c681000 	C:\WINDOWS\System32\RPCRT4.dll
0x00007ffc6bbf0000 - 0x00007ffc6bd55000 	C:\WINDOWS\System32\USER32.dll
0x00007ffc6b930000 - 0x00007ffc6b94e000 	C:\WINDOWS\System32\win32u.dll
0x00007ffc6b9c0000 - 0x00007ffc6b9f4000 	C:\WINDOWS\System32\GDI32.dll
0x00007ffc6ab90000 - 0x00007ffc6ad12000 	C:\WINDOWS\System32\gdi32full.dll
0x00007ffc6e1b0000 - 0x00007ffc6e1de000 	C:\WINDOWS\System32\IMM32.DLL
0x000000006d830000 - 0x000000006dfec000 	C:\Program Files\Java\jre6\bin\server\jvm.dll
0x00007ffc68cb0000 - 0x00007ffc68cd3000 	C:\WINDOWS\SYSTEM32\WINMM.dll
0x00007ffc68c80000 - 0x00007ffc68cab000 	C:\WINDOWS\SYSTEM32\WINMMBASE.dll
0x00007ffc6ad90000 - 0x00007ffc6add2000 	C:\WINDOWS\System32\cfgmgr32.dll
0x000000006d7a0000 - 0x000000006d7ae000 	C:\Program Files\Java\jre6\bin\verify.dll
0x000000006d3c0000 - 0x000000006d3e7000 	C:\Program Files\Java\jre6\bin\java.dll
0x000000006d430000 - 0x000000006d464000 	C:\Program Files\Java\jre6\bin\jdwp.dll
0x000000006d650000 - 0x000000006d658000 	C:\Program Files\Java\jre6\bin\npt.dll
0x000000006d7f0000 - 0x000000006d802000 	C:\Program Files\Java\jre6\bin\zip.dll
0x00007ffc6b9b0000 - 0x00007ffc6b9b8000 	C:\WINDOWS\System32\PSAPI.DLL

VM Arguments:
jvm_args: -agentlib:jdwp=transport=dt_socket,suspend=y,address=localhost:62818 -Dfile.encoding=GBK -Xbootclasspath:C:\Android\sdk\platforms\android-19\android.jar 
java_command: com.zmc.zmcrobot.QuickBot
Launcher Type: SUN_STANDARD

Environment Variables:
JAVA_HOME=C:\Program Files\Java\jdk1.6.0_45
CLASSPATH=c:\asciidoc;C:\asciiDoc\xslthl-2.1.3
PATH=C:/Program Files/Java/jre1.8.0_112/bin/server;C:/Program Files/Java/jre1.8.0_112/bin;C:/Program Files/Java/jre1.8.0_112/lib/amd64;C:\ProgramData\Oracle\Java\javapath;C:\oraclexe\app\oracle\product\11.2.0\server\bin;C:\WINDOWS\system32;C:\WINDOWS;C:\WINDOWS\System32\Wbem;C:\WINDOWS\System32\WindowsPowerShell\v1.0\;C:\Program Files\SlikSvn\bin\;C:\Program Files\Calibre2\;C:\Program Files\nodejs\;C:\Android\android-sdk\build-tools;C:\Android\android-sdk\tools;C:\Program Files\Java\jdk1.6.0_45\bin;C:\Go\bin;C:\HashiCorp\Vagrant\bin;C:\Program Files\Git\cmd;C:\Program Files\Git\mingw64\bin;C:\Program Files\Git\usr\bin;C:\Program Files\MATLAB\R2016b\bin;c:\python27;C:\asciiDoc\fop-1.1;C:\asciiDoc;C:\Program Files (x86)\IDM Computer Solutions\UltraEdit\;C:\Program Files (x86)\DBank\ClickUp;C:\Users\Ã÷²ý\AppData\Roaming\npm;c:\Go Work\bin;C:\Program Files (x86)\Microsoft VS Code\bin;C:\Users\Ã÷²ý\AppData\Local\Microsoft\WindowsApps;;C:\Android\eclipse;
USERNAME=Ã÷²ý
OS=Windows_NT
PROCESSOR_IDENTIFIER=Intel64 Family 6 Model 69 Stepping 1, GenuineIntel



---------------  S Y S T E M  ---------------

OS: Windows 8 , 64 bit Build 9200 

CPU:total 4 (2 cores per cpu, 2 threads per core) family 6 model 69 stepping 1, cmov, cx8, fxsr, mmx, sse, sse2, sse3, ssse3, sse4.1, sse4.2, popcnt, ht

Memory: 4k page, physical 4112508k(960404k free), swap 10333952k(4614884k free)

vm_info: Java HotSpot(TM) 64-Bit Server VM (20.45-b01) for windows-amd64 JRE (1.6.0_45-b06), built on Apr  1 2013 12:31:37 by "java_re" with MS VC++ 8.0 (VS2005)

time: Tue Jan 17 14:30:10 2017
elapsed time: 0 seconds

